<?xml version="1.0" encoding="utf-8"?><testsuites name="pytest tests"><testsuite name="pytest" errors="0" failures="0" skipped="0" tests="21" time="3.996" timestamp="2026-07-25T16:42:53.044569+00:00" hostname="agent-env-5a32657f-9654-484f-bf4e-14cc52384a03"><testcase classname="tests.test_backend.TestAuth" name="test_me_without_token_returns_401" time="0.275" /><testcase classname="tests.test_backend.TestAnalytics" name="test_dashboard_current" time="0.268" /><testcase classname="tests.test_backend.TestAnalytics" name="test_dashboard_with_month" time="0.074" /><testcase classname="tests.test_backend.TestAuth" name="test_session_with_invalid_id_returns_401" time="0.305" /><testcase classname="tests.test_backend.TestAnalytics" name="test_available_months" time="0.087" /><testcase classname="tests.test_backend.TestAnalytics" name="test_trends" time="0.044" /><testcase classname="tests.test_backend.TestAnalytics" name="test_expenses_by_category" time="0.072" /><testcase classname="tests.test_backend.TestAnalytics" name="test_analytics_user_scoped" time="0.246" /><testcase classname="tests.test_backend.TestAuth" name="test_me_with_valid_token" time="0.106" /><testcase classname="tests.test_backend.TestAuth" name="test_categories_without_token_returns_401" time="0.073" /><testcase classname="tests.test_backend.TestCategories" name="test_default_categories_count_13" time="0.037" /><testcase classname="tests.test_backend.TestInvestmentsAndCrypto" name="test_create_investment_encrypted" time="0.144" /><testcase classname="tests.test_backend.TestCategories" name="test_create_custom_category" time="0.228" /><testcase classname="tests.test_backend.TestInvestmentsAndCrypto" name="test_crypto_search" time="0.157" /><testcase classname="tests.test_backend.TestCategories" name="test_categories_user_scoped" time="0.235" /><testcase classname="tests.test_backend.TestInvestmentsAndCrypto" name="test_crypto_price_bitcoin" time="0.232" /><testcase classname="tests.test_backend.TestTransactions" name="test_create_and_encryption_at_rest" time="0.278" /><testcase classname="tests.test_backend.TestInvestmentsAndCrypto" name="test_crypto_sync_prices" time="1.325" /><testcase classname="tests.test_backend.TestTransactions" name="test_transactions_user_scoped" time="0.265" /><testcase classname="tests.test_backend.TestBackup" name="test_backup_encrypted_and_decryptable" time="0.056" /><testcase classname="tests.test_backend.TestBudgetsAutoUpdate" name="test_budget_auto_recompute_full_flow" time="0.451" /></testsuite></testsuites>